2022-09-01 04:32:51,393:INFO:PyCaret Supervised Module
2022-09-01 04:32:51,393:INFO:ML Usecase: classification
2022-09-01 04:32:51,393:INFO:version 2.3.10
2022-09-01 04:32:51,393:INFO:Initializing setup()
2022-09-01 04:32:51,393:INFO:setup(target=Attrition_Flag, ml_usecase=classification, available_plots={'parameter': 'Hyperparameters', 'auc': 'AUC', 'confusion_matrix': 'Confusion Matrix', 'threshold': 'Threshold', 'pr': 'Precision Recall', 'error': 'Prediction Error', 'class_report': 'Class Report', 'rfe': 'Feature Selection', 'learning': 'Learning Curve', 'manifold': 'Manifold Learning', 'calibration': 'Calibration Curve', 'vc': 'Validation Curve', 'dimension': 'Dimensions', 'feature': 'Feature Importance', 'feature_all': 'Feature Importance (All)', 'boundary': 'Decision Boundary', 'lift': 'Lift Chart', 'gain': 'Gain Chart', 'tree': 'Decision Tree', 'ks': 'KS Statistic Plot'}, train_size=0.7, test_data=None, preprocess=True, imputation_type=simple, iterative_imputation_iters=5, categorical_features=None, categorical_imputation=constant, categorical_iterative_imputer=lightgbm, ordinal_features=None, high_cardinality_features=None, high_cardinality_method=frequency, numeric_features=None, numeric_imputation=mean, numeric_iterative_imputer=lightgbm, date_features=None, ignore_features=None, normalize=False, normalize_method=zscore, transformation=False, transformation_method=yeo-johnson, handle_unknown_categorical=True, unknown_categorical_method=least_frequent, pca=False, pca_method=linear, pca_components=None, ignore_low_variance=False, combine_rare_levels=False, rare_level_threshold=0.1, bin_numeric_features=None, remove_outliers=False, outliers_threshold=0.05, remove_multicollinearity=False, multicollinearity_threshold=0.9, remove_perfect_collinearity=True, create_clusters=False, cluster_iter=20, polynomial_features=False, polynomial_degree=2, trigonometry_features=False, polynomial_threshold=0.1, group_features=None, group_names=None, feature_selection=False, feature_selection_threshold=0.8, feature_selection_method=classic, feature_interaction=False, feature_ratio=False, interaction_threshold=0.01, fix_imbalance=True, fix_imbalance_method=None, transform_target=False, transform_target_method=box-cox, data_split_shuffle=True, data_split_stratify=False, fold_strategy=stratifiedkfold, fold=10, fold_shuffle=False, fold_groups=None, n_jobs=-1, use_gpu=False, custom_pipeline=None, html=True, session_id=66, log_experiment=False, experiment_name=None, experiment_custom_tags=None, log_plots=False, log_profile=False, log_data=False, silent=False, verbose=True, profile=False, profile_kwargs=None, display=None)
2022-09-01 04:32:51,393:INFO:Checking environment
2022-09-01 04:32:51,394:INFO:python_version: 3.7.13
2022-09-01 04:32:51,394:INFO:python_build: ('default', 'Mar 28 2022 08:03:21')
2022-09-01 04:32:51,394:INFO:machine: AMD64
2022-09-01 04:32:51,394:INFO:platform: Windows-10-10.0.19041-SP0
2022-09-01 04:32:51,395:WARNING:cannot find psutil installation. memory not traceable. Install psutil using pip to enable memory logging.
2022-09-01 04:32:51,395:INFO:Checking libraries
2022-09-01 04:32:51,395:INFO:pd==1.3.5
2022-09-01 04:32:51,395:INFO:numpy==1.19.5
2022-09-01 04:32:51,395:INFO:sklearn==0.23.2
2022-09-01 04:32:51,395:INFO:lightgbm==3.3.2
2022-09-01 04:32:51,396:WARNING:catboost not found
2022-09-01 04:32:51,397:WARNING:xgboost not found
2022-09-01 04:32:51,397:INFO:mlflow==1.28.0
2022-09-01 04:32:51,397:INFO:Checking Exceptions
2022-09-01 04:32:51,397:INFO:Declaring global variables
2022-09-01 04:32:51,397:INFO:USI: 3b33
2022-09-01 04:32:51,397:INFO:pycaret_globals: {'iterative_imputation_iters_param', '_gpu_n_jobs_param', 'html_param', 'transform_target_param', 'fold_groups_param', 'n_jobs_param', 'create_model_container', '_all_models', 'imputation_regressor', 'exp_name_log', 'fix_imbalance_param', 'fold_shuffle_param', 'fold_param', 'fold_generator', 'logging_param', 'target_param', 'X', 'master_model_container', 'fold_groups_param_full', 'fix_imbalance_method_param', 'pycaret_globals', 'y', 'transform_target_method_param', 'X_train', '_internal_pipeline', 'y_train', '_available_plots', 'y_test', '_ml_usecase', 'prep_pipe', 'imputation_classifier', 'X_test', 'USI', 'log_plots_param', 'data_before_preprocess', 'dashboard_logger', 'stratify_param', 'display_container', 'seed', '_all_models_internal', '_all_metrics', 'gpu_param', 'experiment__'}
2022-09-01 04:32:51,397:INFO:Preparing display monitor
2022-09-01 04:32:51,398:INFO:Preparing display monitor
2022-09-01 04:32:51,409:INFO:Importing libraries
2022-09-01 04:32:51,409:INFO:Copying data for preprocessing
2022-09-01 04:32:51,416:INFO:Declaring preprocessing parameters
2022-09-01 04:32:51,419:INFO:Creating preprocessing pipeline
2022-09-01 04:32:51,450:INFO:Preprocessing pipeline created successfully
2022-09-01 04:32:51,451:ERROR:(Process Exit): setup has been interupted with user command 'quit'. setup must rerun.
2022-09-01 04:32:51,451:INFO:Creating global containers
2022-09-01 04:32:51,454:INFO:Internal pipeline: Pipeline(memory=None,
         steps=[('fix_imbalance',
                 SMOTE(k_neighbors=5, n_jobs=None, random_state=66,
                       sampling_strategy='auto'))],
         verbose=False)
2022-09-01 04:33:03,893:WARNING:Couldn't import xgboost.XGBClassifier
2022-09-01 04:33:03,894:WARNING:Couldn't import catboost.CatBoostClassifier
2022-09-01 04:33:04,025:WARNING:Couldn't import xgboost.XGBClassifier
2022-09-01 04:33:04,026:WARNING:Couldn't import catboost.CatBoostClassifier
2022-09-01 04:33:04,027:INFO:Creating grid variables
2022-09-01 04:33:04,041:INFO:create_model_container: 0
2022-09-01 04:33:04,041:INFO:master_model_container: 0
2022-09-01 04:33:04,041:INFO:display_container: 1
2022-09-01 04:33:04,046:INFO:Pipeline(memory=None,
         steps=[('dtypes',
                 DataTypes_Auto_infer(categorical_features=[],
                                      display_types=True, features_todrop=[],
                                      id_columns=[],
                                      ml_usecase='classification',
                                      numerical_features=[],
                                      target='Attrition_Flag',
                                      time_features=[])),
                ('imputer',
                 Simple_Imputer(categorical_strategy='not_available',
                                fill_value_categorical=None,
                                fill_value_numerical=None,
                                numer...
                ('scaling', 'passthrough'), ('P_transform', 'passthrough'),
                ('binn', 'passthrough'), ('rem_outliers', 'passthrough'),
                ('cluster_all', 'passthrough'),
                ('dummy', Dummify(target='Attrition_Flag')),
                ('fix_perfect', Remove_100(target='Attrition_Flag')),
                ('clean_names', Clean_Colum_Names()),
                ('feature_select', 'passthrough'), ('fix_multi', 'passthrough'),
                ('dfs', 'passthrough'), ('pca', 'passthrough')],
         verbose=False)
2022-09-01 04:33:04,046:INFO:setup() succesfully completed......................................
2022-09-01 04:33:04,158:INFO:Initializing compare_models()
2022-09-01 04:33:04,158:INFO:compare_models(include=None, fold=None, round=4, cross_validation=True, sort=Accuracy, n_select=1, budget_time=None, turbo=True, errors=ignore, fit_kwargs=None, groups=None, experiment_custom_tags=None, probability_threshold=None, verbose=True, display=None, exclude=None)
2022-09-01 04:33:04,158:INFO:Checking exceptions
2022-09-01 04:33:04,159:INFO:Preparing display monitor
2022-09-01 04:33:04,159:INFO:Preparing display monitor
2022-09-01 04:33:04,186:INFO:Initializing Logistic Regression
2022-09-01 04:33:04,186:INFO:Total runtime is 0.0 minutes
2022-09-01 04:33:04,195:INFO:SubProcess create_model() called ==================================
2022-09-01 04:33:04,196:INFO:Initializing create_model()
2022-09-01 04:33:04,196:INFO:create_model(estimator=lr, fold=StratifiedKFold(n_splits=10, random_state=None, shuffle=False), round=4, cross_validation=True, predict=True, fit_kwargs={}, groups=None, refit=False, verbose=False, system=False, metrics=None, experiment_custom_tags=None, add_to_model_list=True, probability_threshold=None, display=<pycaret.internal.Display.Display object at 0x000001FC90DD1F88>, return_train_score=False, kwargs={})
2022-09-01 04:33:04,196:INFO:Checking exceptions
2022-09-01 04:33:04,196:INFO:Importing libraries
2022-09-01 04:33:04,196:INFO:Copying training dataset
2022-09-01 04:33:04,197:INFO:Defining folds
2022-09-01 04:33:04,198:INFO:Declaring metric variables
2022-09-01 04:33:04,206:INFO:Importing untrained model
2022-09-01 04:33:04,214:INFO:Logistic Regression Imported succesfully
2022-09-01 04:33:04,231:INFO:Starting cross validation
2022-09-01 04:33:04,232:INFO:Cross validating with StratifiedKFold(n_splits=10, random_state=None, shuffle=False), n_jobs=-1
2022-09-01 04:33:09,315:INFO:Calculating mean and std
2022-09-01 04:33:09,316:INFO:Creating metrics dataframe
2022-09-01 04:33:09,321:INFO:Uploading results into container
2022-09-01 04:33:09,321:INFO:Uploading model into container now
2022-09-01 04:33:09,321:INFO:create_model_container: 1
2022-09-01 04:33:09,321:INFO:master_model_container: 1
2022-09-01 04:33:09,321:INFO:display_container: 2
2022-09-01 04:33:09,322:INFO:LogisticRegression(C=1.0, class_weight=None, dual=False, fit_intercept=True,
                   intercept_scaling=1, l1_ratio=None, max_iter=1000,
                   multi_class='auto', n_jobs=None, penalty='l2',
                   random_state=66, solver='lbfgs', tol=0.0001, verbose=0,
                   warm_start=False)
2022-09-01 04:33:09,322:INFO:create_model() succesfully completed......................................
2022-09-01 04:33:09,413:INFO:SubProcess create_model() end ==================================
2022-09-01 04:33:09,413:INFO:Creating metrics dataframe
2022-09-01 04:33:09,429:INFO:Initializing K Neighbors Classifier
2022-09-01 04:33:09,429:INFO:Total runtime is 0.08738589286804199 minutes
2022-09-01 04:33:09,438:INFO:SubProcess create_model() called ==================================
2022-09-01 04:33:09,438:INFO:Initializing create_model()
2022-09-01 04:33:09,438:INFO:create_model(estimator=knn, fold=StratifiedKFold(n_splits=10, random_state=None, shuffle=False), round=4, cross_validation=True, predict=True, fit_kwargs={}, groups=None, refit=False, verbose=False, system=False, metrics=None, experiment_custom_tags=None, add_to_model_list=True, probability_threshold=None, display=<pycaret.internal.Display.Display object at 0x000001FC90DD1F88>, return_train_score=False, kwargs={})
2022-09-01 04:33:09,438:INFO:Checking exceptions
2022-09-01 04:33:09,439:INFO:Importing libraries
2022-09-01 04:33:09,439:INFO:Copying training dataset
2022-09-01 04:33:09,440:INFO:Defining folds
2022-09-01 04:33:09,440:INFO:Declaring metric variables
2022-09-01 04:33:09,448:INFO:Importing untrained model
2022-09-01 04:33:09,457:INFO:K Neighbors Classifier Imported succesfully
2022-09-01 04:33:09,475:INFO:Starting cross validation
2022-09-01 04:33:09,476:INFO:Cross validating with StratifiedKFold(n_splits=10, random_state=None, shuffle=False), n_jobs=-1
2022-09-01 04:33:11,231:INFO:Calculating mean and std
2022-09-01 04:33:11,232:INFO:Creating metrics dataframe
2022-09-01 04:33:11,237:INFO:Uploading results into container
2022-09-01 04:33:11,237:INFO:Uploading model into container now
2022-09-01 04:33:11,237:INFO:create_model_container: 2
2022-09-01 04:33:11,237:INFO:master_model_container: 2
2022-09-01 04:33:11,237:INFO:display_container: 2
2022-09-01 04:33:11,237:INFO:KNeighborsClassifier(algorithm='auto', leaf_size=30, metric='minkowski',
                     metric_params=None, n_jobs=-1, n_neighbors=5, p=2,
                     weights='uniform')
2022-09-01 04:33:11,237:INFO:create_model() succesfully completed......................................
2022-09-01 04:33:11,327:INFO:SubProcess create_model() end ==================================
2022-09-01 04:33:11,327:INFO:Creating metrics dataframe
2022-09-01 04:33:11,345:INFO:Initializing Naive Bayes
2022-09-01 04:33:11,345:INFO:Total runtime is 0.11932793060938518 minutes
2022-09-01 04:33:11,353:INFO:SubProcess create_model() called ==================================
2022-09-01 04:33:11,353:INFO:Initializing create_model()
2022-09-01 04:33:11,353:INFO:create_model(estimator=nb, fold=StratifiedKFold(n_splits=10, random_state=None, shuffle=False), round=4, cross_validation=True, predict=True, fit_kwargs={}, groups=None, refit=False, verbose=False, system=False, metrics=None, experiment_custom_tags=None, add_to_model_list=True, probability_threshold=None, display=<pycaret.internal.Display.Display object at 0x000001FC90DD1F88>, return_train_score=False, kwargs={})
2022-09-01 04:33:11,353:INFO:Checking exceptions
2022-09-01 04:33:11,354:INFO:Importing libraries
2022-09-01 04:33:11,354:INFO:Copying training dataset
2022-09-01 04:33:11,355:INFO:Defining folds
2022-09-01 04:33:11,355:INFO:Declaring metric variables
2022-09-01 04:33:11,363:INFO:Importing untrained model
2022-09-01 04:33:11,372:INFO:Naive Bayes Imported succesfully
2022-09-01 04:33:11,389:INFO:Starting cross validation
2022-09-01 04:33:11,390:INFO:Cross validating with StratifiedKFold(n_splits=10, random_state=None, shuffle=False), n_jobs=-1
2022-09-01 04:33:11,774:INFO:Calculating mean and std
2022-09-01 04:33:11,775:INFO:Creating metrics dataframe
2022-09-01 04:33:11,780:INFO:Uploading results into container
2022-09-01 04:33:11,780:INFO:Uploading model into container now
2022-09-01 04:33:11,780:INFO:create_model_container: 3
2022-09-01 04:33:11,780:INFO:master_model_container: 3
2022-09-01 04:33:11,781:INFO:display_container: 2
2022-09-01 04:33:11,781:INFO:GaussianNB(priors=None, var_smoothing=1e-09)
2022-09-01 04:33:11,781:INFO:create_model() succesfully completed......................................
2022-09-01 04:33:11,871:INFO:SubProcess create_model() end ==================================
2022-09-01 04:33:11,872:INFO:Creating metrics dataframe
2022-09-01 04:33:11,887:INFO:Initializing Decision Tree Classifier
2022-09-01 04:33:11,887:INFO:Total runtime is 0.12836483716964722 minutes
2022-09-01 04:33:11,896:INFO:SubProcess create_model() called ==================================
2022-09-01 04:33:11,896:INFO:Initializing create_model()
2022-09-01 04:33:11,896:INFO:create_model(estimator=dt, fold=StratifiedKFold(n_splits=10, random_state=None, shuffle=False), round=4, cross_validation=True, predict=True, fit_kwargs={}, groups=None, refit=False, verbose=False, system=False, metrics=None, experiment_custom_tags=None, add_to_model_list=True, probability_threshold=None, display=<pycaret.internal.Display.Display object at 0x000001FC90DD1F88>, return_train_score=False, kwargs={})
2022-09-01 04:33:11,896:INFO:Checking exceptions
2022-09-01 04:33:11,896:INFO:Importing libraries
2022-09-01 04:33:11,896:INFO:Copying training dataset
2022-09-01 04:33:11,898:INFO:Defining folds
2022-09-01 04:33:11,898:INFO:Declaring metric variables
2022-09-01 04:33:11,907:INFO:Importing untrained model
2022-09-01 04:33:11,916:INFO:Decision Tree Classifier Imported succesfully
2022-09-01 04:33:11,932:INFO:Starting cross validation
2022-09-01 04:33:11,933:INFO:Cross validating with StratifiedKFold(n_splits=10, random_state=None, shuffle=False), n_jobs=-1
2022-09-01 04:33:12,718:INFO:Calculating mean and std
2022-09-01 04:33:12,719:INFO:Creating metrics dataframe
2022-09-01 04:33:12,724:INFO:Uploading results into container
2022-09-01 04:33:12,724:INFO:Uploading model into container now
2022-09-01 04:33:12,724:INFO:create_model_container: 4
2022-09-01 04:33:12,724:INFO:master_model_container: 4
2022-09-01 04:33:12,724:INFO:display_container: 2
2022-09-01 04:33:12,725:INFO:DecisionTreeClassifier(ccp_alpha=0.0, class_weight=None, criterion='gini',
                       max_depth=None, max_features=None, max_leaf_nodes=None,
                       min_impurity_decrease=0.0, min_impurity_split=None,
                       min_samples_leaf=1, min_samples_split=2,
                       min_weight_fraction_leaf=0.0, presort='deprecated',
                       random_state=66, splitter='best')
2022-09-01 04:33:12,725:INFO:create_model() succesfully completed......................................
2022-09-01 04:33:12,815:INFO:SubProcess create_model() end ==================================
2022-09-01 04:33:12,815:INFO:Creating metrics dataframe
2022-09-01 04:33:12,832:INFO:Initializing SVM - Linear Kernel
2022-09-01 04:33:12,832:INFO:Total runtime is 0.14410228331883748 minutes
2022-09-01 04:33:12,840:INFO:SubProcess create_model() called ==================================
2022-09-01 04:33:12,841:INFO:Initializing create_model()
2022-09-01 04:33:12,841:INFO:create_model(estimator=svm, fold=StratifiedKFold(n_splits=10, random_state=None, shuffle=False), round=4, cross_validation=True, predict=True, fit_kwargs={}, groups=None, refit=False, verbose=False, system=False, metrics=None, experiment_custom_tags=None, add_to_model_list=True, probability_threshold=None, display=<pycaret.internal.Display.Display object at 0x000001FC90DD1F88>, return_train_score=False, kwargs={})
2022-09-01 04:33:12,841:INFO:Checking exceptions
2022-09-01 04:33:12,841:INFO:Importing libraries
2022-09-01 04:33:12,841:INFO:Copying training dataset
2022-09-01 04:33:12,842:INFO:Defining folds
2022-09-01 04:33:12,842:INFO:Declaring metric variables
2022-09-01 04:33:12,852:INFO:Importing untrained model
2022-09-01 04:33:12,861:INFO:SVM - Linear Kernel Imported succesfully
2022-09-01 04:33:12,878:INFO:Starting cross validation
2022-09-01 04:33:12,878:INFO:Cross validating with StratifiedKFold(n_splits=10, random_state=None, shuffle=False), n_jobs=-1
2022-09-01 04:33:14,085:INFO:Calculating mean and std
2022-09-01 04:33:14,086:INFO:Creating metrics dataframe
2022-09-01 04:33:14,091:INFO:Uploading results into container
2022-09-01 04:33:14,092:INFO:Uploading model into container now
2022-09-01 04:33:14,092:INFO:create_model_container: 5
2022-09-01 04:33:14,092:INFO:master_model_container: 5
2022-09-01 04:33:14,092:INFO:display_container: 2
2022-09-01 04:33:14,092:INFO:SGDClassifier(alpha=0.0001, average=False, class_weight=None,
              early_stopping=False, epsilon=0.1, eta0=0.001, fit_intercept=True,
              l1_ratio=0.15, learning_rate='optimal', loss='hinge',
              max_iter=1000, n_iter_no_change=5, n_jobs=-1, penalty='l2',
              power_t=0.5, random_state=66, shuffle=True, tol=0.001,
              validation_fraction=0.1, verbose=0, warm_start=False)
2022-09-01 04:33:14,092:INFO:create_model() succesfully completed......................................
2022-09-01 04:33:14,182:INFO:SubProcess create_model() end ==================================
2022-09-01 04:33:14,182:INFO:Creating metrics dataframe
2022-09-01 04:33:14,199:INFO:Initializing Ridge Classifier
2022-09-01 04:33:14,199:INFO:Total runtime is 0.1668846050898234 minutes
2022-09-01 04:33:14,208:INFO:SubProcess create_model() called ==================================
2022-09-01 04:33:14,208:INFO:Initializing create_model()
2022-09-01 04:33:14,209:INFO:create_model(estimator=ridge, fold=StratifiedKFold(n_splits=10, random_state=None, shuffle=False), round=4, cross_validation=True, predict=True, fit_kwargs={}, groups=None, refit=False, verbose=False, system=False, metrics=None, experiment_custom_tags=None, add_to_model_list=True, probability_threshold=None, display=<pycaret.internal.Display.Display object at 0x000001FC90DD1F88>, return_train_score=False, kwargs={})
2022-09-01 04:33:14,209:INFO:Checking exceptions
2022-09-01 04:33:14,209:INFO:Importing libraries
2022-09-01 04:33:14,209:INFO:Copying training dataset
2022-09-01 04:33:14,210:INFO:Defining folds
2022-09-01 04:33:14,210:INFO:Declaring metric variables
2022-09-01 04:33:14,219:INFO:Importing untrained model
2022-09-01 04:33:14,229:INFO:Ridge Classifier Imported succesfully
2022-09-01 04:33:14,246:INFO:Starting cross validation
2022-09-01 04:33:14,247:INFO:Cross validating with StratifiedKFold(n_splits=10, random_state=None, shuffle=False), n_jobs=-1
2022-09-01 04:33:14,708:INFO:Calculating mean and std
2022-09-01 04:33:14,709:INFO:Creating metrics dataframe
2022-09-01 04:33:14,714:INFO:Uploading results into container
2022-09-01 04:33:14,714:INFO:Uploading model into container now
2022-09-01 04:33:14,714:INFO:create_model_container: 6
2022-09-01 04:33:14,714:INFO:master_model_container: 6
2022-09-01 04:33:14,714:INFO:display_container: 2
2022-09-01 04:33:14,714:INFO:RidgeClassifier(alpha=1.0, class_weight=None, copy_X=True, fit_intercept=True,
                max_iter=None, normalize=False, random_state=66, solver='auto',
                tol=0.001)
2022-09-01 04:33:14,714:INFO:create_model() succesfully completed......................................
2022-09-01 04:33:14,804:INFO:SubProcess create_model() end ==================================
2022-09-01 04:33:14,804:INFO:Creating metrics dataframe
2022-09-01 04:33:14,820:INFO:Initializing Random Forest Classifier
2022-09-01 04:33:14,820:INFO:Total runtime is 0.1772489627202352 minutes
2022-09-01 04:33:14,829:INFO:SubProcess create_model() called ==================================
2022-09-01 04:33:14,829:INFO:Initializing create_model()
2022-09-01 04:33:14,829:INFO:create_model(estimator=rf, fold=StratifiedKFold(n_splits=10, random_state=None, shuffle=False), round=4, cross_validation=True, predict=True, fit_kwargs={}, groups=None, refit=False, verbose=False, system=False, metrics=None, experiment_custom_tags=None, add_to_model_list=True, probability_threshold=None, display=<pycaret.internal.Display.Display object at 0x000001FC90DD1F88>, return_train_score=False, kwargs={})
2022-09-01 04:33:14,829:INFO:Checking exceptions
2022-09-01 04:33:14,829:INFO:Importing libraries
2022-09-01 04:33:14,830:INFO:Copying training dataset
2022-09-01 04:33:14,831:INFO:Defining folds
2022-09-01 04:33:14,831:INFO:Declaring metric variables
2022-09-01 04:33:14,839:INFO:Importing untrained model
2022-09-01 04:33:14,847:INFO:Random Forest Classifier Imported succesfully
2022-09-01 04:33:14,866:INFO:Starting cross validation
2022-09-01 04:33:14,866:INFO:Cross validating with StratifiedKFold(n_splits=10, random_state=None, shuffle=False), n_jobs=-1
2022-09-01 04:33:20,305:INFO:Calculating mean and std
2022-09-01 04:33:20,306:INFO:Creating metrics dataframe
2022-09-01 04:33:20,310:INFO:Uploading results into container
2022-09-01 04:33:20,310:INFO:Uploading model into container now
2022-09-01 04:33:20,310:INFO:create_model_container: 7
2022-09-01 04:33:20,310:INFO:master_model_container: 7
2022-09-01 04:33:20,310:INFO:display_container: 2
2022-09-01 04:33:20,310:INFO:RandomForestClassifier(bootstrap=True, ccp_alpha=0.0, class_weight=None,
                       criterion='gini', max_depth=None, max_features='auto',
                       max_leaf_nodes=None, max_samples=None,
                       min_impurity_decrease=0.0, min_impurity_split=None,
                       min_samples_leaf=1, min_samples_split=2,
                       min_weight_fraction_leaf=0.0, n_estimators=100,
                       n_jobs=-1, oob_score=False, random_state=66, verbose=0,
                       warm_start=False)
2022-09-01 04:33:20,310:INFO:create_model() succesfully completed......................................
2022-09-01 04:33:20,399:INFO:SubProcess create_model() end ==================================
2022-09-01 04:33:20,400:INFO:Creating metrics dataframe
2022-09-01 04:33:20,423:INFO:Initializing Quadratic Discriminant Analysis
2022-09-01 04:33:20,423:INFO:Total runtime is 0.27062427600224814 minutes
2022-09-01 04:33:20,432:INFO:SubProcess create_model() called ==================================
2022-09-01 04:33:20,432:INFO:Initializing create_model()
2022-09-01 04:33:20,432:INFO:create_model(estimator=qda, fold=StratifiedKFold(n_splits=10, random_state=None, shuffle=False), round=4, cross_validation=True, predict=True, fit_kwargs={}, groups=None, refit=False, verbose=False, system=False, metrics=None, experiment_custom_tags=None, add_to_model_list=True, probability_threshold=None, display=<pycaret.internal.Display.Display object at 0x000001FC90DD1F88>, return_train_score=False, kwargs={})
2022-09-01 04:33:20,433:INFO:Checking exceptions
2022-09-01 04:33:20,433:INFO:Importing libraries
2022-09-01 04:33:20,433:INFO:Copying training dataset
2022-09-01 04:33:20,434:INFO:Defining folds
2022-09-01 04:33:20,434:INFO:Declaring metric variables
2022-09-01 04:33:20,442:INFO:Importing untrained model
2022-09-01 04:33:20,450:INFO:Quadratic Discriminant Analysis Imported succesfully
2022-09-01 04:33:20,469:INFO:Starting cross validation
2022-09-01 04:33:20,470:INFO:Cross validating with StratifiedKFold(n_splits=10, random_state=None, shuffle=False), n_jobs=-1
2022-09-01 04:33:21,052:INFO:Calculating mean and std
2022-09-01 04:33:21,053:INFO:Creating metrics dataframe
2022-09-01 04:33:21,058:INFO:Uploading results into container
2022-09-01 04:33:21,058:INFO:Uploading model into container now
2022-09-01 04:33:21,058:INFO:create_model_container: 8
2022-09-01 04:33:21,058:INFO:master_model_container: 8
2022-09-01 04:33:21,058:INFO:display_container: 2
2022-09-01 04:33:21,058:INFO:QuadraticDiscriminantAnalysis(priors=None, reg_param=0.0,
                              store_covariance=False, tol=0.0001)
2022-09-01 04:33:21,058:INFO:create_model() succesfully completed......................................
2022-09-01 04:33:21,148:INFO:SubProcess create_model() end ==================================
2022-09-01 04:33:21,148:INFO:Creating metrics dataframe
2022-09-01 04:33:21,166:INFO:Initializing Ada Boost Classifier
2022-09-01 04:33:21,167:INFO:Total runtime is 0.2830246567726135 minutes
2022-09-01 04:33:21,175:INFO:SubProcess create_model() called ==================================
2022-09-01 04:33:21,175:INFO:Initializing create_model()
2022-09-01 04:33:21,175:INFO:create_model(estimator=ada, fold=StratifiedKFold(n_splits=10, random_state=None, shuffle=False), round=4, cross_validation=True, predict=True, fit_kwargs={}, groups=None, refit=False, verbose=False, system=False, metrics=None, experiment_custom_tags=None, add_to_model_list=True, probability_threshold=None, display=<pycaret.internal.Display.Display object at 0x000001FC90DD1F88>, return_train_score=False, kwargs={})
2022-09-01 04:33:21,175:INFO:Checking exceptions
2022-09-01 04:33:21,175:INFO:Importing libraries
2022-09-01 04:33:21,175:INFO:Copying training dataset
2022-09-01 04:33:21,177:INFO:Defining folds
2022-09-01 04:33:21,177:INFO:Declaring metric variables
2022-09-01 04:33:21,185:INFO:Importing untrained model
2022-09-01 04:33:21,194:INFO:Ada Boost Classifier Imported succesfully
2022-09-01 04:33:21,210:INFO:Starting cross validation
2022-09-01 04:33:21,211:INFO:Cross validating with StratifiedKFold(n_splits=10, random_state=None, shuffle=False), n_jobs=-1
2022-09-01 04:33:24,225:INFO:Calculating mean and std
2022-09-01 04:33:24,226:INFO:Creating metrics dataframe
2022-09-01 04:33:24,231:INFO:Uploading results into container
2022-09-01 04:33:24,231:INFO:Uploading model into container now
2022-09-01 04:33:24,231:INFO:create_model_container: 9
2022-09-01 04:33:24,231:INFO:master_model_container: 9
2022-09-01 04:33:24,231:INFO:display_container: 2
2022-09-01 04:33:24,231:INFO:AdaBoostClassifier(algorithm='SAMME.R', base_estimator=None, learning_rate=1.0,
                   n_estimators=50, random_state=66)
2022-09-01 04:33:24,231:INFO:create_model() succesfully completed......................................
2022-09-01 04:33:24,322:INFO:SubProcess create_model() end ==================================
2022-09-01 04:33:24,322:INFO:Creating metrics dataframe
2022-09-01 04:33:24,345:INFO:Initializing Gradient Boosting Classifier
2022-09-01 04:33:24,345:INFO:Total runtime is 0.33599169651667277 minutes
2022-09-01 04:33:24,353:INFO:SubProcess create_model() called ==================================
2022-09-01 04:33:24,353:INFO:Initializing create_model()
2022-09-01 04:33:24,353:INFO:create_model(estimator=gbc, fold=StratifiedKFold(n_splits=10, random_state=None, shuffle=False), round=4, cross_validation=True, predict=True, fit_kwargs={}, groups=None, refit=False, verbose=False, system=False, metrics=None, experiment_custom_tags=None, add_to_model_list=True, probability_threshold=None, display=<pycaret.internal.Display.Display object at 0x000001FC90DD1F88>, return_train_score=False, kwargs={})
2022-09-01 04:33:24,354:INFO:Checking exceptions
2022-09-01 04:33:24,354:INFO:Importing libraries
2022-09-01 04:33:24,354:INFO:Copying training dataset
2022-09-01 04:33:24,356:INFO:Defining folds
2022-09-01 04:33:24,356:INFO:Declaring metric variables
2022-09-01 04:33:24,363:INFO:Importing untrained model
2022-09-01 04:33:24,373:INFO:Gradient Boosting Classifier Imported succesfully
2022-09-01 04:33:24,391:INFO:Starting cross validation
2022-09-01 04:33:24,392:INFO:Cross validating with StratifiedKFold(n_splits=10, random_state=None, shuffle=False), n_jobs=-1
2022-09-01 04:33:35,475:INFO:Calculating mean and std
2022-09-01 04:33:35,476:INFO:Creating metrics dataframe
2022-09-01 04:33:35,482:INFO:Uploading results into container
2022-09-01 04:33:35,482:INFO:Uploading model into container now
2022-09-01 04:33:35,482:INFO:create_model_container: 10
2022-09-01 04:33:35,482:INFO:master_model_container: 10
2022-09-01 04:33:35,482:INFO:display_container: 2
2022-09-01 04:33:35,483:INFO:GradientBoostingClassifier(ccp_alpha=0.0, criterion='friedman_mse', init=None,
                           learning_rate=0.1, loss='deviance', max_depth=3,
                           max_features=None, max_leaf_nodes=None,
                           min_impurity_decrease=0.0, min_impurity_split=None,
                           min_samples_leaf=1, min_samples_split=2,
                           min_weight_fraction_leaf=0.0, n_estimators=100,
                           n_iter_no_change=None, presort='deprecated',
                           random_state=66, subsample=1.0, tol=0.0001,
                           validation_fraction=0.1, verbose=0,
                           warm_start=False)
2022-09-01 04:33:35,483:INFO:create_model() succesfully completed......................................
2022-09-01 04:33:35,577:INFO:SubProcess create_model() end ==================================
2022-09-01 04:33:35,577:INFO:Creating metrics dataframe
2022-09-01 04:33:35,595:INFO:Initializing Linear Discriminant Analysis
2022-09-01 04:33:35,595:INFO:Total runtime is 0.5234869718551636 minutes
2022-09-01 04:33:35,604:INFO:SubProcess create_model() called ==================================
2022-09-01 04:33:35,604:INFO:Initializing create_model()
2022-09-01 04:33:35,604:INFO:create_model(estimator=lda, fold=StratifiedKFold(n_splits=10, random_state=None, shuffle=False), round=4, cross_validation=True, predict=True, fit_kwargs={}, groups=None, refit=False, verbose=False, system=False, metrics=None, experiment_custom_tags=None, add_to_model_list=True, probability_threshold=None, display=<pycaret.internal.Display.Display object at 0x000001FC90DD1F88>, return_train_score=False, kwargs={})
2022-09-01 04:33:35,604:INFO:Checking exceptions
2022-09-01 04:33:35,604:INFO:Importing libraries
2022-09-01 04:33:35,604:INFO:Copying training dataset
2022-09-01 04:33:35,606:INFO:Defining folds
2022-09-01 04:33:35,606:INFO:Declaring metric variables
2022-09-01 04:33:35,614:INFO:Importing untrained model
2022-09-01 04:33:35,623:INFO:Linear Discriminant Analysis Imported succesfully
2022-09-01 04:33:35,641:INFO:Starting cross validation
2022-09-01 04:33:35,642:INFO:Cross validating with StratifiedKFold(n_splits=10, random_state=None, shuffle=False), n_jobs=-1
2022-09-01 04:33:36,645:INFO:Calculating mean and std
2022-09-01 04:33:36,646:INFO:Creating metrics dataframe
2022-09-01 04:33:36,651:INFO:Uploading results into container
2022-09-01 04:33:36,651:INFO:Uploading model into container now
2022-09-01 04:33:36,651:INFO:create_model_container: 11
2022-09-01 04:33:36,651:INFO:master_model_container: 11
2022-09-01 04:33:36,651:INFO:display_container: 2
2022-09-01 04:33:36,651:INFO:LinearDiscriminantAnalysis(n_components=None, priors=None, shrinkage=None,
                           solver='svd', store_covariance=False, tol=0.0001)
2022-09-01 04:33:36,651:INFO:create_model() succesfully completed......................................
2022-09-01 04:33:36,741:INFO:SubProcess create_model() end ==================================
2022-09-01 04:33:36,741:INFO:Creating metrics dataframe
2022-09-01 04:33:36,761:INFO:Initializing Extra Trees Classifier
2022-09-01 04:33:36,761:INFO:Total runtime is 0.5429167906443279 minutes
2022-09-01 04:33:36,770:INFO:SubProcess create_model() called ==================================
2022-09-01 04:33:36,770:INFO:Initializing create_model()
2022-09-01 04:33:36,770:INFO:create_model(estimator=et, fold=StratifiedKFold(n_splits=10, random_state=None, shuffle=False), round=4, cross_validation=True, predict=True, fit_kwargs={}, groups=None, refit=False, verbose=False, system=False, metrics=None, experiment_custom_tags=None, add_to_model_list=True, probability_threshold=None, display=<pycaret.internal.Display.Display object at 0x000001FC90DD1F88>, return_train_score=False, kwargs={})
2022-09-01 04:33:36,771:INFO:Checking exceptions
2022-09-01 04:33:36,771:INFO:Importing libraries
2022-09-01 04:33:36,771:INFO:Copying training dataset
2022-09-01 04:33:36,772:INFO:Defining folds
2022-09-01 04:33:36,773:INFO:Declaring metric variables
2022-09-01 04:33:36,779:INFO:Importing untrained model
2022-09-01 04:33:36,788:INFO:Extra Trees Classifier Imported succesfully
2022-09-01 04:33:36,807:INFO:Starting cross validation
2022-09-01 04:33:36,808:INFO:Cross validating with StratifiedKFold(n_splits=10, random_state=None, shuffle=False), n_jobs=-1
2022-09-01 04:33:42,048:INFO:Calculating mean and std
2022-09-01 04:33:42,049:INFO:Creating metrics dataframe
2022-09-01 04:33:42,054:INFO:Uploading results into container
2022-09-01 04:33:42,054:INFO:Uploading model into container now
2022-09-01 04:33:42,055:INFO:create_model_container: 12
2022-09-01 04:33:42,055:INFO:master_model_container: 12
2022-09-01 04:33:42,055:INFO:display_container: 2
2022-09-01 04:33:42,055:INFO:ExtraTreesClassifier(bootstrap=False, ccp_alpha=0.0, class_weight=None,
                     criterion='gini', max_depth=None, max_features='auto',
                     max_leaf_nodes=None, max_samples=None,
                     min_impurity_decrease=0.0, min_impurity_split=None,
                     min_samples_leaf=1, min_samples_split=2,
                     min_weight_fraction_leaf=0.0, n_estimators=100, n_jobs=-1,
                     oob_score=False, random_state=66, verbose=0,
                     warm_start=False)
2022-09-01 04:33:42,055:INFO:create_model() succesfully completed......................................
2022-09-01 04:33:42,160:INFO:SubProcess create_model() end ==================================
2022-09-01 04:33:42,160:INFO:Creating metrics dataframe
2022-09-01 04:33:42,180:INFO:Initializing Light Gradient Boosting Machine
2022-09-01 04:33:42,180:INFO:Total runtime is 0.6332343459129334 minutes
2022-09-01 04:33:42,190:INFO:SubProcess create_model() called ==================================
2022-09-01 04:33:42,190:INFO:Initializing create_model()
2022-09-01 04:33:42,190:INFO:create_model(estimator=lightgbm, fold=StratifiedKFold(n_splits=10, random_state=None, shuffle=False), round=4, cross_validation=True, predict=True, fit_kwargs={}, groups=None, refit=False, verbose=False, system=False, metrics=None, experiment_custom_tags=None, add_to_model_list=True, probability_threshold=None, display=<pycaret.internal.Display.Display object at 0x000001FC90DD1F88>, return_train_score=False, kwargs={})
2022-09-01 04:33:42,190:INFO:Checking exceptions
2022-09-01 04:33:42,190:INFO:Importing libraries
2022-09-01 04:33:42,190:INFO:Copying training dataset
2022-09-01 04:33:42,192:INFO:Defining folds
2022-09-01 04:33:42,192:INFO:Declaring metric variables
2022-09-01 04:33:42,202:INFO:Importing untrained model
2022-09-01 04:33:42,211:INFO:Light Gradient Boosting Machine Imported succesfully
2022-09-01 04:33:42,230:INFO:Starting cross validation
2022-09-01 04:33:42,230:INFO:Cross validating with StratifiedKFold(n_splits=10, random_state=None, shuffle=False), n_jobs=-1
2022-09-01 04:33:45,816:INFO:Calculating mean and std
2022-09-01 04:33:45,817:INFO:Creating metrics dataframe
2022-09-01 04:33:45,822:INFO:Uploading results into container
2022-09-01 04:33:45,822:INFO:Uploading model into container now
2022-09-01 04:33:45,822:INFO:create_model_container: 13
2022-09-01 04:33:45,822:INFO:master_model_container: 13
2022-09-01 04:33:45,822:INFO:display_container: 2
2022-09-01 04:33:45,823:INFO:LGBMClassifier(boosting_type='gbdt', class_weight=None, colsample_bytree=1.0,
               importance_type='split', learning_rate=0.1, max_depth=-1,
               min_child_samples=20, min_child_weight=0.001, min_split_gain=0.0,
               n_estimators=100, n_jobs=-1, num_leaves=31, objective=None,
               random_state=66, reg_alpha=0.0, reg_lambda=0.0, silent='warn',
               subsample=1.0, subsample_for_bin=200000, subsample_freq=0)
2022-09-01 04:33:45,823:INFO:create_model() succesfully completed......................................
2022-09-01 04:33:45,920:INFO:SubProcess create_model() end ==================================
2022-09-01 04:33:45,920:INFO:Creating metrics dataframe
2022-09-01 04:33:45,939:INFO:Initializing Dummy Classifier
2022-09-01 04:33:45,940:INFO:Total runtime is 0.6959104895591736 minutes
2022-09-01 04:33:45,948:INFO:SubProcess create_model() called ==================================
2022-09-01 04:33:45,949:INFO:Initializing create_model()
2022-09-01 04:33:45,949:INFO:create_model(estimator=dummy, fold=StratifiedKFold(n_splits=10, random_state=None, shuffle=False), round=4, cross_validation=True, predict=True, fit_kwargs={}, groups=None, refit=False, verbose=False, system=False, metrics=None, experiment_custom_tags=None, add_to_model_list=True, probability_threshold=None, display=<pycaret.internal.Display.Display object at 0x000001FC90DD1F88>, return_train_score=False, kwargs={})
2022-09-01 04:33:45,949:INFO:Checking exceptions
2022-09-01 04:33:45,949:INFO:Importing libraries
2022-09-01 04:33:45,949:INFO:Copying training dataset
2022-09-01 04:33:45,950:INFO:Defining folds
2022-09-01 04:33:45,950:INFO:Declaring metric variables
2022-09-01 04:33:45,960:INFO:Importing untrained model
2022-09-01 04:33:45,969:INFO:Dummy Classifier Imported succesfully
2022-09-01 04:33:45,986:INFO:Starting cross validation
2022-09-01 04:33:45,987:INFO:Cross validating with StratifiedKFold(n_splits=10, random_state=None, shuffle=False), n_jobs=-1
2022-09-01 04:33:46,328:INFO:Calculating mean and std
2022-09-01 04:33:46,329:INFO:Creating metrics dataframe
2022-09-01 04:33:46,335:INFO:Uploading results into container
2022-09-01 04:33:46,335:INFO:Uploading model into container now
2022-09-01 04:33:46,335:INFO:create_model_container: 14
2022-09-01 04:33:46,335:INFO:master_model_container: 14
2022-09-01 04:33:46,335:INFO:display_container: 2
2022-09-01 04:33:46,336:INFO:DummyClassifier(constant=None, random_state=66, strategy='prior')
2022-09-01 04:33:46,336:INFO:create_model() succesfully completed......................................
2022-09-01 04:33:46,427:INFO:SubProcess create_model() end ==================================
2022-09-01 04:33:46,428:INFO:Creating metrics dataframe
2022-09-01 04:33:46,465:INFO:Initializing create_model()
2022-09-01 04:33:46,465:INFO:create_model(estimator=LGBMClassifier(boosting_type='gbdt', class_weight=None, colsample_bytree=1.0,
               importance_type='split', learning_rate=0.1, max_depth=-1,
               min_child_samples=20, min_child_weight=0.001, min_split_gain=0.0,
               n_estimators=100, n_jobs=-1, num_leaves=31, objective=None,
               random_state=66, reg_alpha=0.0, reg_lambda=0.0, silent='warn',
               subsample=1.0, subsample_for_bin=200000, subsample_freq=0), fold=StratifiedKFold(n_splits=10, random_state=None, shuffle=False), round=4, cross_validation=False, predict=False, fit_kwargs={}, groups=None, refit=True, verbose=False, system=False, metrics=None, experiment_custom_tags=None, add_to_model_list=True, probability_threshold=None, display=None, return_train_score=False, kwargs={})
2022-09-01 04:33:46,466:INFO:Checking exceptions
2022-09-01 04:33:46,466:INFO:Importing libraries
2022-09-01 04:33:46,466:INFO:Copying training dataset
2022-09-01 04:33:46,467:INFO:Defining folds
2022-09-01 04:33:46,467:INFO:Declaring metric variables
2022-09-01 04:33:46,467:INFO:Importing untrained model
2022-09-01 04:33:46,467:INFO:Declaring custom model
2022-09-01 04:33:46,468:INFO:Light Gradient Boosting Machine Imported succesfully
2022-09-01 04:33:46,469:INFO:Cross validation set to False
2022-09-01 04:33:46,469:INFO:Fitting Model
2022-09-01 04:33:46,924:INFO:LGBMClassifier(boosting_type='gbdt', class_weight=None, colsample_bytree=1.0,
               importance_type='split', learning_rate=0.1, max_depth=-1,
               min_child_samples=20, min_child_weight=0.001, min_split_gain=0.0,
               n_estimators=100, n_jobs=-1, num_leaves=31, objective=None,
               random_state=66, reg_alpha=0.0, reg_lambda=0.0, silent='warn',
               subsample=1.0, subsample_for_bin=200000, subsample_freq=0)
2022-09-01 04:33:46,924:INFO:create_models() succesfully completed......................................
2022-09-01 04:33:47,052:INFO:create_model_container: 14
2022-09-01 04:33:47,053:INFO:master_model_container: 14
2022-09-01 04:33:47,053:INFO:display_container: 2
2022-09-01 04:33:47,054:INFO:LGBMClassifier(boosting_type='gbdt', class_weight=None, colsample_bytree=1.0,
               importance_type='split', learning_rate=0.1, max_depth=-1,
               min_child_samples=20, min_child_weight=0.001, min_split_gain=0.0,
               n_estimators=100, n_jobs=-1, num_leaves=31, objective=None,
               random_state=66, reg_alpha=0.0, reg_lambda=0.0, silent='warn',
               subsample=1.0, subsample_for_bin=200000, subsample_freq=0)
2022-09-01 04:33:47,054:INFO:compare_models() succesfully completed......................................
2022-09-01 04:33:47,084:INFO:Initializing plot_model()
2022-09-01 04:33:47,084:INFO:plot_model(fold=None, use_train_data=False, verbose=True, is_in_evaluate=False, display=None, display_format=None, estimator=LGBMClassifier(boosting_type='gbdt', class_weight=None, colsample_bytree=1.0,
               importance_type='split', learning_rate=0.1, max_depth=-1,
               min_child_samples=20, min_child_weight=0.001, min_split_gain=0.0,
               n_estimators=100, n_jobs=-1, num_leaves=31, objective=None,
               random_state=66, reg_alpha=0.0, reg_lambda=0.0, silent='warn',
               subsample=1.0, subsample_for_bin=200000, subsample_freq=0), feature_name=None, fit_kwargs=None, groups=None, label=False, plot=feature, plot_kwargs=None, save=False, scale=1, system=True)
2022-09-01 04:33:47,084:INFO:Checking exceptions
2022-09-01 04:33:47,085:INFO:Preparing display monitor
2022-09-01 04:33:47,091:INFO:Preloading libraries
2022-09-01 04:33:47,102:INFO:Copying training dataset
2022-09-01 04:33:47,102:INFO:Copying test dataset
2022-09-01 04:33:47,103:INFO:Plot type: feature
2022-09-01 04:33:47,105:WARNING:No coef_ found. Trying feature_importances_
2022-09-01 04:33:47,283:INFO:Visual Rendered Successfully
2022-09-01 04:33:47,376:INFO:plot_model() succesfully completed......................................
2022-09-01 04:33:47,392:INFO:Initializing create_model()
2022-09-01 04:33:47,392:INFO:create_model(estimator=lightgbm, fold=None, round=4, cross_validation=True, predict=True, fit_kwargs=None, groups=None, refit=True, verbose=True, system=True, metrics=None, experiment_custom_tags=None, add_to_model_list=True, probability_threshold=None, display=None, return_train_score=False, kwargs={})
2022-09-01 04:33:47,392:INFO:Checking exceptions
2022-09-01 04:33:47,392:INFO:Preparing display monitor
2022-09-01 04:33:47,410:INFO:Importing libraries
2022-09-01 04:33:47,411:INFO:Copying training dataset
2022-09-01 04:33:47,412:INFO:Defining folds
2022-09-01 04:33:47,412:INFO:Declaring metric variables
2022-09-01 04:33:47,420:INFO:Importing untrained model
2022-09-01 04:33:47,429:INFO:Light Gradient Boosting Machine Imported succesfully
2022-09-01 04:33:47,446:INFO:Starting cross validation
2022-09-01 04:33:47,447:INFO:Cross validating with StratifiedKFold(n_splits=10, random_state=None, shuffle=False), n_jobs=-1
2022-09-01 04:33:51,006:INFO:Calculating mean and std
2022-09-01 04:33:51,007:INFO:Creating metrics dataframe
2022-09-01 04:33:51,017:INFO:Finalizing model
2022-09-01 04:33:51,482:INFO:Uploading results into container
2022-09-01 04:33:51,482:INFO:Uploading model into container now
2022-09-01 04:33:51,494:INFO:create_model_container: 15
2022-09-01 04:33:51,494:INFO:master_model_container: 15
2022-09-01 04:33:51,494:INFO:display_container: 3
2022-09-01 04:33:51,494:INFO:LGBMClassifier(boosting_type='gbdt', class_weight=None, colsample_bytree=1.0,
               importance_type='split', learning_rate=0.1, max_depth=-1,
               min_child_samples=20, min_child_weight=0.001, min_split_gain=0.0,
               n_estimators=100, n_jobs=-1, num_leaves=31, objective=None,
               random_state=66, reg_alpha=0.0, reg_lambda=0.0, silent='warn',
               subsample=1.0, subsample_for_bin=200000, subsample_freq=0)
2022-09-01 04:33:51,494:INFO:create_model() succesfully completed......................................
2022-09-01 04:33:51,620:INFO:Initializing tune_model()
2022-09-01 04:33:51,620:INFO:tune_model(estimator=LGBMClassifier(boosting_type='gbdt', class_weight=None, colsample_bytree=1.0,
               importance_type='split', learning_rate=0.1, max_depth=-1,
               min_child_samples=20, min_child_weight=0.001, min_split_gain=0.0,
               n_estimators=100, n_jobs=-1, num_leaves=31, objective=None,
               random_state=66, reg_alpha=0.0, reg_lambda=0.0, silent='warn',
               subsample=1.0, subsample_for_bin=200000, subsample_freq=0), fold=None, round=4, n_iter=10, custom_grid=None, optimize=Accuracy, custom_scorer=None, search_library=scikit-learn, search_algorithm=None, early_stopping=False, early_stopping_max_iters=10, choose_better=False, fit_kwargs=None, groups=None, return_tuner=False, verbose=True, tuner_verbose=True, display=None, return_train_score=False, kwargs={})
2022-09-01 04:33:51,620:INFO:Checking exceptions
2022-09-01 04:33:51,621:INFO:Preparing display monitor
2022-09-01 04:33:51,639:INFO:Copying training dataset
2022-09-01 04:33:51,641:INFO:Checking base model
2022-09-01 04:33:51,641:INFO:Base model : Light Gradient Boosting Machine
2022-09-01 04:33:51,651:INFO:Declaring metric variables
2022-09-01 04:33:51,659:INFO:Defining Hyperparameters
2022-09-01 04:33:51,751:INFO:Tuning with n_jobs=-1
2022-09-01 04:33:51,751:INFO:Initializing RandomizedSearchCV
2022-09-01 04:34:18,795:INFO:best_params: {'actual_estimator__reg_lambda': 0.1, 'actual_estimator__reg_alpha': 0.0001, 'actual_estimator__num_leaves': 20, 'actual_estimator__n_estimators': 210, 'actual_estimator__min_split_gain': 0.3, 'actual_estimator__min_child_samples': 16, 'actual_estimator__learning_rate': 0.5, 'actual_estimator__feature_fraction': 0.4, 'actual_estimator__bagging_freq': 2, 'actual_estimator__bagging_fraction': 0.5}
2022-09-01 04:34:18,796:INFO:Hyperparameter search completed
2022-09-01 04:34:18,796:INFO:SubProcess create_model() called ==================================
2022-09-01 04:34:18,797:INFO:Initializing create_model()
2022-09-01 04:34:18,797:INFO:create_model(estimator=LGBMClassifier(boosting_type='gbdt', class_weight=None, colsample_bytree=1.0,
               importance_type='split', learning_rate=0.1, max_depth=-1,
               min_child_samples=20, min_child_weight=0.001, min_split_gain=0.0,
               n_estimators=100, n_jobs=-1, num_leaves=31, objective=None,
               random_state=66, reg_alpha=0.0, reg_lambda=0.0, silent='warn',
               subsample=1.0, subsample_for_bin=200000, subsample_freq=0), fold=StratifiedKFold(n_splits=10, random_state=None, shuffle=False), round=4, cross_validation=True, predict=True, fit_kwargs={}, groups=None, refit=True, verbose=True, system=False, metrics=None, experiment_custom_tags=None, add_to_model_list=True, probability_threshold=None, display=<pycaret.internal.Display.Display object at 0x000001FC8F5B74C8>, return_train_score=False, kwargs={'reg_lambda': 0.1, 'reg_alpha': 0.0001, 'num_leaves': 20, 'n_estimators': 210, 'min_split_gain': 0.3, 'min_child_samples': 16, 'learning_rate': 0.5, 'feature_fraction': 0.4, 'bagging_freq': 2, 'bagging_fraction': 0.5})
2022-09-01 04:34:18,797:INFO:Checking exceptions
2022-09-01 04:34:18,797:INFO:Importing libraries
2022-09-01 04:34:18,797:INFO:Copying training dataset
2022-09-01 04:34:18,798:INFO:Defining folds
2022-09-01 04:34:18,798:INFO:Declaring metric variables
2022-09-01 04:34:18,806:INFO:Importing untrained model
2022-09-01 04:34:18,807:INFO:Declaring custom model
2022-09-01 04:34:18,815:INFO:Light Gradient Boosting Machine Imported succesfully
2022-09-01 04:34:18,838:INFO:Starting cross validation
2022-09-01 04:34:18,838:INFO:Cross validating with StratifiedKFold(n_splits=10, random_state=None, shuffle=False), n_jobs=-1
2022-09-01 04:34:20,823:INFO:Calculating mean and std
2022-09-01 04:34:20,824:INFO:Creating metrics dataframe
2022-09-01 04:34:20,835:INFO:Finalizing model
2022-09-01 04:34:21,094:INFO:Uploading results into container
2022-09-01 04:34:21,094:INFO:Uploading model into container now
2022-09-01 04:34:21,094:INFO:create_model_container: 16
2022-09-01 04:34:21,094:INFO:master_model_container: 16
2022-09-01 04:34:21,094:INFO:display_container: 4
2022-09-01 04:34:21,095:INFO:LGBMClassifier(bagging_fraction=0.5, bagging_freq=2, boosting_type='gbdt',
               class_weight=None, colsample_bytree=1.0, feature_fraction=0.4,
               importance_type='split', learning_rate=0.5, max_depth=-1,
               min_child_samples=16, min_child_weight=0.001, min_split_gain=0.3,
               n_estimators=210, n_jobs=-1, num_leaves=20, objective=None,
               random_state=66, reg_alpha=0.0001, reg_lambda=0.1, silent='warn',
               subsample=1.0, subsample_for_bin=200000, subsample_freq=0)
2022-09-01 04:34:21,095:INFO:create_model() succesfully completed......................................
2022-09-01 04:34:21,186:INFO:SubProcess create_model() end ==================================
2022-09-01 04:34:21,198:INFO:create_model_container: 16
2022-09-01 04:34:21,198:INFO:master_model_container: 16
2022-09-01 04:34:21,199:INFO:display_container: 4
2022-09-01 04:34:21,199:INFO:LGBMClassifier(bagging_fraction=0.5, bagging_freq=2, boosting_type='gbdt',
               class_weight=None, colsample_bytree=1.0, feature_fraction=0.4,
               importance_type='split', learning_rate=0.5, max_depth=-1,
               min_child_samples=16, min_child_weight=0.001, min_split_gain=0.3,
               n_estimators=210, n_jobs=-1, num_leaves=20, objective=None,
               random_state=66, reg_alpha=0.0001, reg_lambda=0.1, silent='warn',
               subsample=1.0, subsample_for_bin=200000, subsample_freq=0)
2022-09-01 04:34:21,200:INFO:tune_model() succesfully completed......................................
2022-09-01 04:34:21,327:INFO:Initializing create_model()
2022-09-01 04:34:21,328:INFO:create_model(estimator=rf, fold=None, round=4, cross_validation=True, predict=True, fit_kwargs=None, groups=None, refit=True, verbose=True, system=True, metrics=None, experiment_custom_tags=None, add_to_model_list=True, probability_threshold=None, display=None, return_train_score=False, kwargs={})
2022-09-01 04:34:21,328:INFO:Checking exceptions
2022-09-01 04:34:21,328:INFO:Preparing display monitor
2022-09-01 04:34:21,346:INFO:Importing libraries
2022-09-01 04:34:21,346:INFO:Copying training dataset
2022-09-01 04:34:21,348:INFO:Defining folds
2022-09-01 04:34:21,348:INFO:Declaring metric variables
2022-09-01 04:34:21,356:INFO:Importing untrained model
2022-09-01 04:34:21,365:INFO:Random Forest Classifier Imported succesfully
2022-09-01 04:34:21,382:INFO:Starting cross validation
2022-09-01 04:34:21,383:INFO:Cross validating with StratifiedKFold(n_splits=10, random_state=None, shuffle=False), n_jobs=-1
2022-09-01 04:34:27,479:INFO:Calculating mean and std
2022-09-01 04:34:27,480:INFO:Creating metrics dataframe
2022-09-01 04:34:27,490:INFO:Finalizing model
2022-09-01 04:34:28,490:INFO:Uploading results into container
2022-09-01 04:34:28,490:INFO:Uploading model into container now
2022-09-01 04:34:28,503:INFO:create_model_container: 17
2022-09-01 04:34:28,503:INFO:master_model_container: 17
2022-09-01 04:34:28,503:INFO:display_container: 5
2022-09-01 04:34:28,504:INFO:RandomForestClassifier(bootstrap=True, ccp_alpha=0.0, class_weight=None,
                       criterion='gini', max_depth=None, max_features='auto',
                       max_leaf_nodes=None, max_samples=None,
                       min_impurity_decrease=0.0, min_impurity_split=None,
                       min_samples_leaf=1, min_samples_split=2,
                       min_weight_fraction_leaf=0.0, n_estimators=100,
                       n_jobs=-1, oob_score=False, random_state=66, verbose=0,
                       warm_start=False)
2022-09-01 04:34:28,504:INFO:create_model() succesfully completed......................................
2022-09-01 04:34:28,633:INFO:Initializing tune_model()
2022-09-01 04:34:28,633:INFO:tune_model(estimator=RandomForestClassifier(bootstrap=True, ccp_alpha=0.0, class_weight=None,
                       criterion='gini', max_depth=None, max_features='auto',
                       max_leaf_nodes=None, max_samples=None,
                       min_impurity_decrease=0.0, min_impurity_split=None,
                       min_samples_leaf=1, min_samples_split=2,
                       min_weight_fraction_leaf=0.0, n_estimators=100,
                       n_jobs=-1, oob_score=False, random_state=66, verbose=0,
                       warm_start=False), fold=None, round=4, n_iter=10, custom_grid=None, optimize=Accuracy, custom_scorer=None, search_library=scikit-learn, search_algorithm=None, early_stopping=False, early_stopping_max_iters=10, choose_better=False, fit_kwargs=None, groups=None, return_tuner=False, verbose=True, tuner_verbose=True, display=None, return_train_score=False, kwargs={})
2022-09-01 04:34:28,633:INFO:Checking exceptions
2022-09-01 04:34:28,634:INFO:Preparing display monitor
2022-09-01 04:34:28,652:INFO:Copying training dataset
2022-09-01 04:34:28,654:INFO:Checking base model
2022-09-01 04:34:28,654:INFO:Base model : Random Forest Classifier
2022-09-01 04:34:28,664:INFO:Declaring metric variables
2022-09-01 04:34:28,673:INFO:Defining Hyperparameters
2022-09-01 04:34:28,766:INFO:Tuning with n_jobs=-1
2022-09-01 04:34:28,766:INFO:Initializing RandomizedSearchCV
2022-09-01 04:35:16,643:INFO:best_params: {'actual_estimator__n_estimators': 80, 'actual_estimator__min_samples_split': 5, 'actual_estimator__min_samples_leaf': 4, 'actual_estimator__min_impurity_decrease': 0.0001, 'actual_estimator__max_features': 'sqrt', 'actual_estimator__max_depth': 8, 'actual_estimator__criterion': 'entropy', 'actual_estimator__class_weight': 'balanced_subsample', 'actual_estimator__bootstrap': False}
2022-09-01 04:35:16,644:INFO:Hyperparameter search completed
2022-09-01 04:35:16,644:INFO:SubProcess create_model() called ==================================
2022-09-01 04:35:16,645:INFO:Initializing create_model()
2022-09-01 04:35:16,645:INFO:create_model(estimator=RandomForestClassifier(bootstrap=True, ccp_alpha=0.0, class_weight=None,
                       criterion='gini', max_depth=None, max_features='auto',
                       max_leaf_nodes=None, max_samples=None,
                       min_impurity_decrease=0.0, min_impurity_split=None,
                       min_samples_leaf=1, min_samples_split=2,
                       min_weight_fraction_leaf=0.0, n_estimators=100,
                       n_jobs=-1, oob_score=False, random_state=66, verbose=0,
                       warm_start=False), fold=StratifiedKFold(n_splits=10, random_state=None, shuffle=False), round=4, cross_validation=True, predict=True, fit_kwargs={}, groups=None, refit=True, verbose=True, system=False, metrics=None, experiment_custom_tags=None, add_to_model_list=True, probability_threshold=None, display=<pycaret.internal.Display.Display object at 0x000001FC8DC8D7C8>, return_train_score=False, kwargs={'n_estimators': 80, 'min_samples_split': 5, 'min_samples_leaf': 4, 'min_impurity_decrease': 0.0001, 'max_features': 'sqrt', 'max_depth': 8, 'criterion': 'entropy', 'class_weight': 'balanced_subsample', 'bootstrap': False})
2022-09-01 04:35:16,645:INFO:Checking exceptions
2022-09-01 04:35:16,645:INFO:Importing libraries
2022-09-01 04:35:16,645:INFO:Copying training dataset
2022-09-01 04:35:16,646:INFO:Defining folds
2022-09-01 04:35:16,647:INFO:Declaring metric variables
2022-09-01 04:35:16,655:INFO:Importing untrained model
2022-09-01 04:35:16,655:INFO:Declaring custom model
2022-09-01 04:35:16,664:INFO:Random Forest Classifier Imported succesfully
2022-09-01 04:35:16,681:INFO:Starting cross validation
2022-09-01 04:35:16,684:INFO:Cross validating with StratifiedKFold(n_splits=10, random_state=None, shuffle=False), n_jobs=-1
2022-09-01 04:35:23,813:INFO:Calculating mean and std
2022-09-01 04:35:23,814:INFO:Creating metrics dataframe
2022-09-01 04:35:23,824:INFO:Finalizing model
2022-09-01 04:35:24,796:INFO:Uploading results into container
2022-09-01 04:35:24,796:INFO:Uploading model into container now
2022-09-01 04:35:24,796:INFO:create_model_container: 18
2022-09-01 04:35:24,796:INFO:master_model_container: 18
2022-09-01 04:35:24,796:INFO:display_container: 6
2022-09-01 04:35:24,797:INFO:RandomForestClassifier(bootstrap=False, ccp_alpha=0.0,
                       class_weight='balanced_subsample', criterion='entropy',
                       max_depth=8, max_features='sqrt', max_leaf_nodes=None,
                       max_samples=None, min_impurity_decrease=0.0001,
                       min_impurity_split=None, min_samples_leaf=4,
                       min_samples_split=5, min_weight_fraction_leaf=0.0,
                       n_estimators=80, n_jobs=-1, oob_score=False,
                       random_state=66, verbose=0, warm_start=False)
2022-09-01 04:35:24,797:INFO:create_model() succesfully completed......................................
2022-09-01 04:35:24,887:INFO:SubProcess create_model() end ==================================
2022-09-01 04:35:24,900:INFO:create_model_container: 18
2022-09-01 04:35:24,900:INFO:master_model_container: 18
2022-09-01 04:35:24,900:INFO:display_container: 6
2022-09-01 04:35:24,901:INFO:RandomForestClassifier(bootstrap=False, ccp_alpha=0.0,
                       class_weight='balanced_subsample', criterion='entropy',
                       max_depth=8, max_features='sqrt', max_leaf_nodes=None,
                       max_samples=None, min_impurity_decrease=0.0001,
                       min_impurity_split=None, min_samples_leaf=4,
                       min_samples_split=5, min_weight_fraction_leaf=0.0,
                       n_estimators=80, n_jobs=-1, oob_score=False,
                       random_state=66, verbose=0, warm_start=False)
2022-09-01 04:35:24,901:INFO:tune_model() succesfully completed......................................
2022-09-01 04:35:25,032:INFO:Initializing predict_model()
2022-09-01 04:35:25,032:INFO:predict_model(estimator=LGBMClassifier(boosting_type='gbdt', class_weight=None, colsample_bytree=1.0,
               importance_type='split', learning_rate=0.1, max_depth=-1,
               min_child_samples=20, min_child_weight=0.001, min_split_gain=0.0,
               n_estimators=100, n_jobs=-1, num_leaves=31, objective=None,
               random_state=66, reg_alpha=0.0, reg_lambda=0.0, silent='warn',
               subsample=1.0, subsample_for_bin=200000, subsample_freq=0), probability_threshold=None, encoded_labels=False, drift_report=False, raw_score=False, round=4, verbose=True, ml_usecase=MLUsecase.CLASSIFICATION, display=None, drift_kwargs=None)
2022-09-01 04:35:25,033:INFO:Checking exceptions
2022-09-01 04:35:25,033:INFO:Preloading libraries
2022-09-01 04:35:25,033:INFO:Preparing display monitor
2022-09-01 04:35:25,207:INFO:Initializing plot_model()
2022-09-01 04:35:25,207:INFO:plot_model(fold=None, use_train_data=False, verbose=True, is_in_evaluate=False, display=None, display_format=None, estimator=LGBMClassifier(boosting_type='gbdt', class_weight=None, colsample_bytree=1.0,
               importance_type='split', learning_rate=0.1, max_depth=-1,
               min_child_samples=20, min_child_weight=0.001, min_split_gain=0.0,
               n_estimators=100, n_jobs=-1, num_leaves=31, objective=None,
               random_state=66, reg_alpha=0.0, reg_lambda=0.0, silent='warn',
               subsample=1.0, subsample_for_bin=200000, subsample_freq=0), feature_name=None, fit_kwargs=None, groups=None, label=False, plot=confusion_matrix, plot_kwargs=None, save=False, scale=1, system=True)
2022-09-01 04:35:25,207:INFO:Checking exceptions
2022-09-01 04:35:25,208:INFO:Preparing display monitor
2022-09-01 04:35:25,216:INFO:Preloading libraries
2022-09-01 04:35:25,225:INFO:Copying training dataset
2022-09-01 04:35:25,226:INFO:Copying test dataset
2022-09-01 04:35:25,226:INFO:Plot type: confusion_matrix
2022-09-01 04:35:25,228:INFO:Initializing get_config()
2022-09-01 04:35:25,228:INFO:get_config(variable=prep_pipe)
2022-09-01 04:35:25,233:INFO:Global variable: prep_pipe returned as Pipeline(memory=None,
         steps=[('dtypes',
                 DataTypes_Auto_infer(categorical_features=[],
                                      display_types=True, features_todrop=[],
                                      id_columns=[],
                                      ml_usecase='classification',
                                      numerical_features=[],
                                      target='Attrition_Flag',
                                      time_features=[])),
                ('imputer',
                 Simple_Imputer(categorical_strategy='not_available',
                                fill_value_categorical=None,
                                fill_value_numerical=None,
                                numer...
                ('scaling', 'passthrough'), ('P_transform', 'passthrough'),
                ('binn', 'passthrough'), ('rem_outliers', 'passthrough'),
                ('cluster_all', 'passthrough'),
                ('dummy', Dummify(target='Attrition_Flag')),
                ('fix_perfect', Remove_100(target='Attrition_Flag')),
                ('clean_names', Clean_Colum_Names()),
                ('feature_select', 'passthrough'), ('fix_multi', 'passthrough'),
                ('dfs', 'passthrough'), ('pca', 'passthrough')],
         verbose=False)
2022-09-01 04:35:25,233:INFO:get_config() succesfully completed......................................
2022-09-01 04:35:25,235:INFO:Fitting Model
2022-09-01 04:35:25,236:INFO:Scoring test/hold-out set
2022-09-01 04:35:25,373:INFO:Visual Rendered Successfully
2022-09-01 04:35:25,463:INFO:plot_model() succesfully completed......................................
2022-09-01 04:35:25,484:INFO:Initializing finalize_model()
2022-09-01 04:35:25,484:INFO:finalize_model(estimator=LGBMClassifier(boosting_type='gbdt', class_weight=None, colsample_bytree=1.0,
               importance_type='split', learning_rate=0.1, max_depth=-1,
               min_child_samples=20, min_child_weight=0.001, min_split_gain=0.0,
               n_estimators=100, n_jobs=-1, num_leaves=31, objective=None,
               random_state=66, reg_alpha=0.0, reg_lambda=0.0, silent='warn',
               subsample=1.0, subsample_for_bin=200000, subsample_freq=0), fit_kwargs=None, groups=None, model_only=True, display=None, experiment_custom_tags=None, return_train_score=False)
2022-09-01 04:35:25,485:INFO:Finalizing LGBMClassifier(boosting_type='gbdt', class_weight=None, colsample_bytree=1.0,
               importance_type='split', learning_rate=0.1, max_depth=-1,
               min_child_samples=20, min_child_weight=0.001, min_split_gain=0.0,
               n_estimators=100, n_jobs=-1, num_leaves=31, objective=None,
               random_state=66, reg_alpha=0.0, reg_lambda=0.0, silent='warn',
               subsample=1.0, subsample_for_bin=200000, subsample_freq=0)
2022-09-01 04:35:25,485:INFO:Initializing create_model()
2022-09-01 04:35:25,485:INFO:create_model(estimator=LGBMClassifier(boosting_type='gbdt', class_weight=None, colsample_bytree=1.0,
               importance_type='split', learning_rate=0.1, max_depth=-1,
               min_child_samples=20, min_child_weight=0.001, min_split_gain=0.0,
               n_estimators=100, n_jobs=-1, num_leaves=31, objective=None,
               random_state=66, reg_alpha=0.0, reg_lambda=0.0, silent='warn',
               subsample=1.0, subsample_for_bin=200000, subsample_freq=0), fold=None, round=4, cross_validation=True, predict=True, fit_kwargs={}, groups=None, refit=True, verbose=False, system=False, metrics=None, experiment_custom_tags=None, add_to_model_list=False, probability_threshold=None, display=None, return_train_score=False, kwargs={})
2022-09-01 04:35:25,485:INFO:Checking exceptions
2022-09-01 04:35:25,486:INFO:Importing libraries
2022-09-01 04:35:25,486:INFO:Copying training dataset
2022-09-01 04:35:25,487:INFO:Defining folds
2022-09-01 04:35:25,487:INFO:Declaring metric variables
2022-09-01 04:35:25,487:INFO:Importing untrained model
2022-09-01 04:35:25,487:INFO:Declaring custom model
2022-09-01 04:35:25,488:INFO:Light Gradient Boosting Machine Imported succesfully
2022-09-01 04:35:25,488:INFO:Starting cross validation
2022-09-01 04:35:25,489:INFO:Cross validating with StratifiedKFold(n_splits=10, random_state=None, shuffle=False), n_jobs=-1
2022-09-01 04:35:29,835:INFO:Calculating mean and std
2022-09-01 04:35:29,836:INFO:Creating metrics dataframe
2022-09-01 04:35:29,838:INFO:Finalizing model
2022-09-01 04:35:30,356:INFO:create_model_container: 18
2022-09-01 04:35:30,356:INFO:master_model_container: 18
2022-09-01 04:35:30,356:INFO:display_container: 8
2022-09-01 04:35:30,357:INFO:LGBMClassifier(boosting_type='gbdt', class_weight=None, colsample_bytree=1.0,
               importance_type='split', learning_rate=0.1, max_depth=-1,
               min_child_samples=20, min_child_weight=0.001, min_split_gain=0.0,
               n_estimators=100, n_jobs=-1, num_leaves=31, objective=None,
               random_state=66, reg_alpha=0.0, reg_lambda=0.0, silent='warn',
               subsample=1.0, subsample_for_bin=200000, subsample_freq=0)
2022-09-01 04:35:30,357:INFO:create_model() succesfully completed......................................
2022-09-01 04:35:30,449:INFO:create_model_container: 18
2022-09-01 04:35:30,449:INFO:master_model_container: 18
2022-09-01 04:35:30,449:INFO:display_container: 7
2022-09-01 04:35:30,449:INFO:LGBMClassifier(boosting_type='gbdt', class_weight=None, colsample_bytree=1.0,
               importance_type='split', learning_rate=0.1, max_depth=-1,
               min_child_samples=20, min_child_weight=0.001, min_split_gain=0.0,
               n_estimators=100, n_jobs=-1, num_leaves=31, objective=None,
               random_state=66, reg_alpha=0.0, reg_lambda=0.0, silent='warn',
               subsample=1.0, subsample_for_bin=200000, subsample_freq=0)
2022-09-01 04:35:30,449:INFO:finalize_model() succesfully completed......................................
2022-09-01 04:35:30,560:INFO:Initializing predict_model()
2022-09-01 04:35:30,560:INFO:predict_model(estimator=LGBMClassifier(boosting_type='gbdt', class_weight=None, colsample_bytree=1.0,
               importance_type='split', learning_rate=0.1, max_depth=-1,
               min_child_samples=20, min_child_weight=0.001, min_split_gain=0.0,
               n_estimators=100, n_jobs=-1, num_leaves=31, objective=None,
               random_state=66, reg_alpha=0.0, reg_lambda=0.0, silent='warn',
               subsample=1.0, subsample_for_bin=200000, subsample_freq=0), probability_threshold=None, encoded_labels=False, drift_report=False, raw_score=False, round=4, verbose=True, ml_usecase=MLUsecase.CLASSIFICATION, display=None, drift_kwargs=None)
2022-09-01 04:35:30,560:INFO:Checking exceptions
2022-09-01 04:35:30,560:INFO:Preloading libraries
2022-09-01 04:35:30,560:INFO:Preparing display monitor
2022-09-01 04:35:30,872:INFO:Initializing plot_model()
2022-09-01 04:35:30,872:INFO:plot_model(fold=None, use_train_data=False, verbose=True, is_in_evaluate=False, display=None, display_format=None, estimator=LGBMClassifier(boosting_type='gbdt', class_weight=None, colsample_bytree=1.0,
               importance_type='split', learning_rate=0.1, max_depth=-1,
               min_child_samples=20, min_child_weight=0.001, min_split_gain=0.0,
               n_estimators=100, n_jobs=-1, num_leaves=31, objective=None,
               random_state=66, reg_alpha=0.0, reg_lambda=0.0, silent='warn',
               subsample=1.0, subsample_for_bin=200000, subsample_freq=0), feature_name=None, fit_kwargs=None, groups=None, label=False, plot=auc, plot_kwargs=None, save=False, scale=1, system=True)
2022-09-01 04:35:30,872:INFO:Checking exceptions
2022-09-01 04:35:30,873:INFO:Preparing display monitor
2022-09-01 04:35:30,880:INFO:Preloading libraries
2022-09-01 04:35:30,890:INFO:Copying training dataset
2022-09-01 04:35:30,891:INFO:Copying test dataset
2022-09-01 04:35:30,892:INFO:Plot type: auc
2022-09-01 04:35:30,894:INFO:Initializing get_config()
2022-09-01 04:35:30,894:INFO:get_config(variable=prep_pipe)
2022-09-01 04:35:30,898:INFO:Global variable: prep_pipe returned as Pipeline(memory=None,
         steps=[('dtypes',
                 DataTypes_Auto_infer(categorical_features=[],
                                      display_types=True, features_todrop=[],
                                      id_columns=[],
                                      ml_usecase='classification',
                                      numerical_features=[],
                                      target='Attrition_Flag',
                                      time_features=[])),
                ('imputer',
                 Simple_Imputer(categorical_strategy='not_available',
                                fill_value_categorical=None,
                                fill_value_numerical=None,
                                numer...
                ('scaling', 'passthrough'), ('P_transform', 'passthrough'),
                ('binn', 'passthrough'), ('rem_outliers', 'passthrough'),
                ('cluster_all', 'passthrough'),
                ('dummy', Dummify(target='Attrition_Flag')),
                ('fix_perfect', Remove_100(target='Attrition_Flag')),
                ('clean_names', Clean_Colum_Names()),
                ('feature_select', 'passthrough'), ('fix_multi', 'passthrough'),
                ('dfs', 'passthrough'), ('pca', 'passthrough')],
         verbose=False)
2022-09-01 04:35:30,898:INFO:get_config() succesfully completed......................................
2022-09-01 04:35:30,899:INFO:Fitting Model
2022-09-01 04:35:30,900:INFO:Scoring test/hold-out set
2022-09-01 04:35:31,105:INFO:Visual Rendered Successfully
2022-09-01 04:35:31,198:INFO:plot_model() succesfully completed......................................
2022-09-01 04:35:31,209:INFO:Initializing save_model()
2022-09-01 04:35:31,209:INFO:save_model(model=LGBMClassifier(boosting_type='gbdt', class_weight=None, colsample_bytree=1.0,
               importance_type='split', learning_rate=0.1, max_depth=-1,
               min_child_samples=20, min_child_weight=0.001, min_split_gain=0.0,
               n_estimators=100, n_jobs=-1, num_leaves=31, objective=None,
               random_state=66, reg_alpha=0.0, reg_lambda=0.0, silent='warn',
               subsample=1.0, subsample_for_bin=200000, subsample_freq=0), model_name=Final_LGBM_Model_20220830_V1, prep_pipe_=Pipeline(memory=None,
         steps=[('dtypes',
                 DataTypes_Auto_infer(categorical_features=[],
                                      display_types=True, features_todrop=[],
                                      id_columns=[],
                                      ml_usecase='classification',
                                      numerical_features=[],
                                      target='Attrition_Flag',
                                      time_features=[])),
                ('imputer',
                 Simple_Imputer(categorical_strategy='not_available',
                                fill_value_categorical=None,
                                fill_value_numerical=None,
                                numer...
                ('scaling', 'passthrough'), ('P_transform', 'passthrough'),
                ('binn', 'passthrough'), ('rem_outliers', 'passthrough'),
                ('cluster_all', 'passthrough'),
                ('dummy', Dummify(target='Attrition_Flag')),
                ('fix_perfect', Remove_100(target='Attrition_Flag')),
                ('clean_names', Clean_Colum_Names()),
                ('feature_select', 'passthrough'), ('fix_multi', 'passthrough'),
                ('dfs', 'passthrough'), ('pca', 'passthrough')],
         verbose=False), verbose=True, kwargs={})
2022-09-01 04:35:31,209:INFO:Adding model into prep_pipe
2022-09-01 04:35:31,222:INFO:Final_LGBM_Model_20220830_V1.pkl saved in current working directory
2022-09-01 04:35:31,228:INFO:Pipeline(memory=None,
         steps=[('dtypes',
                 DataTypes_Auto_infer(categorical_features=[],
                                      display_types=True, features_todrop=[],
                                      id_columns=[],
                                      ml_usecase='classification',
                                      numerical_features=[],
                                      target='Attrition_Flag',
                                      time_features=[])),
                ('imputer',
                 Simple_Imputer(categorical_strategy='not_available',
                                fill_value_categorical=None,
                                fill_value_numerical=None,
                                numer...
                 LGBMClassifier(boosting_type='gbdt', class_weight=None,
                                colsample_bytree=1.0, importance_type='split',
                                learning_rate=0.1, max_depth=-1,
                                min_child_samples=20, min_child_weight=0.001,
                                min_split_gain=0.0, n_estimators=100, n_jobs=-1,
                                num_leaves=31, objective=None, random_state=66,
                                reg_alpha=0.0, reg_lambda=0.0, silent='warn',
                                subsample=1.0, subsample_for_bin=200000,
                                subsample_freq=0)]],
         verbose=False)
2022-09-01 04:35:31,229:INFO:save_model() successfully completed......................................
